c:\users\user\desktop\ordersystem\ordersystem\x64\debug\vc143.pdb
c:\users\user\desktop\ordersystem\ordersystem\x64\debug\vc143.idb
c:\users\user\desktop\ordersystem\ordersystem\x64\debug\save.obj
c:\users\user\desktop\ordersystem\ordersystem\x64\debug\order.obj
c:\users\user\desktop\ordersystem\ordersystem\x64\debug\menu.obj
c:\users\user\desktop\ordersystem\ordersystem\x64\debug\main.obj
c:\users\user\desktop\ordersystem\x64\debug\ordersystem.exe
c:\users\user\desktop\ordersystem\x64\debug\ordersystem.pdb
c:\users\user\desktop\ordersystem\ordersystem\x64\debug\ordersystem.res
c:\users\user\desktop\ordersystem\ordersystem\x64\debug\ordersystem.ilk
c:\users\user\desktop\ordersystem\ordersystem\x64\debug\ordersystem.tlog\cl.command.1.tlog
c:\users\user\desktop\ordersystem\ordersystem\x64\debug\ordersystem.tlog\cl.items.tlog
c:\users\user\desktop\ordersystem\ordersystem\x64\debug\ordersystem.tlog\cl.read.1.tlog
c:\users\user\desktop\ordersystem\ordersystem\x64\debug\ordersystem.tlog\cl.write.1.tlog
c:\users\user\desktop\ordersystem\ordersystem\x64\debug\ordersystem.tlog\link.command.1.tlog
c:\users\user\desktop\ordersystem\ordersystem\x64\debug\ordersystem.tlog\link.read.1.tlog
c:\users\user\desktop\ordersystem\ordersystem\x64\debug\ordersystem.tlog\link.secondary.1.tlog
c:\users\user\desktop\ordersystem\ordersystem\x64\debug\ordersystem.tlog\link.write.1.tlog
c:\users\user\desktop\ordersystem\ordersystem\x64\debug\ordersystem.tlog\rc.command.1.tlog
c:\users\user\desktop\ordersystem\ordersystem\x64\debug\ordersystem.tlog\rc.read.1.tlog
c:\users\user\desktop\ordersystem\ordersystem\x64\debug\ordersystem.tlog\rc.write.1.tlog
